240626 14:11:53 mysqld_safe Starting mariadbd daemon with databases from /config/databases
2024-06-26 14:11:53 0 [Note] Starting MariaDB 10.11.8-MariaDB-log source revision 3a069644682e336e445039e48baae9693f9a08ee as process 409
2024-06-26 14:11:53 0 [Warning] Setting lower_case_table_names=2 because file system for /config/databases/ is case insensitive
2024-06-26 14:11:53 0 [Note] InnoDB: Compressed tables use zlib 1.3.1
2024-06-26 14:11:53 0 [Note] InnoDB: Number of transaction pools: 1
2024-06-26 14:11:53 0 [Note] InnoDB: Using crc32 + pclmulqdq instructions
2024-06-26 14:11:53 0 [Note] mariadbd: O_TMPFILE is not supported on /tmp (disabling future attempts)
2024-06-26 14:11:53 0 [Note] InnoDB: Using Linux native AIO
2024-06-26 14:11:53 0 [Note] InnoDB: Initializing buffer pool, total size = 256.000MiB, chunk size = 4.000MiB
2024-06-26 14:11:54 0 [Note] InnoDB: Completed initialization of buffer pool
2024-06-26 14:11:54 0 [Note] InnoDB: Buffered log writes (block size=512 bytes)
2024-06-26 14:11:54 0 [Note] InnoDB: End of log at LSN=1148430
2024-06-26 14:11:54 0 [Note] InnoDB: 128 rollback segments are active.
2024-06-26 14:11:54 0 [Note] InnoDB: Setting file './ibtmp1' size to 12.000MiB. Physically writing the file full; Please wait ...
2024-06-26 14:11:54 0 [Note] InnoDB: File './ibtmp1' size is now 12.000MiB.
2024-06-26 14:11:54 0 [Note] InnoDB: log sequence number 1148430; transaction id 2280
2024-06-26 14:11:54 0 [Note] Plugin 'FEEDBACK' is disabled.
2024-06-26 14:11:54 0 [Note] InnoDB: Loading buffer pool(s) from /config/databases/ib_buffer_pool
2024-06-26 14:11:54 0 [Note] Server socket created on IP: '0.0.0.0'.
2024-06-26 14:11:54 0 [Note] Server socket created on IP: '::'.
2024-06-26 14:11:54 0 [Note] /usr/bin/mariadbd: ready for connections.
Version: '10.11.8-MariaDB-log'  socket: '/var/run/mysqld/mysqld.sock'  port: 3306  Alpine Linux
2024-06-26 14:11:54 0 [Note] InnoDB: Buffer pool(s) load completed at 240626 14:11:54
2024-06-26 14:11:54 5 [Warning] Aborted connection 5 to db: 'unconnected' user: 'unauthenticated' host: 'localhost' (This connection closed normally without authentication)
2024-06-26 14:11:55 4 [Warning] Aborted connection 4 to db: 'unconnected' user: 'unauthenticated' host: 'bookstack.bookstack_default' (This connection closed normally without authentication)
2024-06-26 14:12:01 7 [Warning] Aborted connection 7 to db: 'unconnected' user: 'unauthenticated' host: 'bookstack.bookstack_default' (This connection closed normally without authentication)
